<?xml version="1.0" encoding="UTF-8"?>
<!-- Generated by org.testng.reporters.JUnitReportReporter -->
<testsuite hostname="LAPTOP-P0J58E7F" failures="0" tests="4" name="test.NoteTest" time="20.138" errors="0" timestamp="2024-01-26T21:10:39 IST" skipped="0">
  <testcase classname="test.NoteTest" name="verifyNote" time="5.290"/>
  <system-out/>
  <testcase classname="test.NoteTest" name="search" time="4.091"/>
  <system-out/>
  <testcase classname="test.NoteTest" name="updateNote" time="5.095"/>
  <system-out/>
  <testcase classname="test.NoteTest" name="deleteNote" time="5.662"/>
  <system-out/>
</testsuite> <!-- test.NoteTest -->
