<?xml version="1.0" encoding="UTF-8"?>
<!-- Generated by org.testng.reporters.JUnitReportReporter -->
<testsuite hostname="LAPTOP-P0J58E7F" failures="0" tests="2" name="test.EstimateTest" time="9.628" errors="0" timestamp="2024-01-26T21:10:39 IST" skipped="0">
  <testcase classname="test.EstimateTest" name="verifyEstimate" time="5.500"/>
  <system-out/>
  <testcase classname="test.EstimateTest" name="searchEstimate" time="4.128"/>
  <system-out/>
</testsuite> <!-- test.EstimateTest -->
