<?xml version="1.0" encoding="UTF-8"?>
<!-- Generated by org.testng.reporters.JUnitReportReporter -->
<testsuite hostname="LAPTOP-P0J58E7F" failures="0" tests="4" name="test.ProjectTest" time="23.412" errors="0" timestamp="2024-01-24T22:20:42 IST" skipped="0">
  <testcase classname="test.ProjectTest" name="verifyProject" time="5.436"/>
  <system-out/>
  <testcase classname="test.ProjectTest" name="search" time="4.228"/>
  <system-out/>
  <testcase classname="test.ProjectTest" name="updateProject" time="6.822"/>
  <system-out/>
  <testcase classname="test.ProjectTest" name="deleteProject" time="6.926"/>
  <system-out/>
</testsuite> <!-- test.ProjectTest -->
