<?xml version="1.0" encoding="UTF-8"?>
<!-- Generated by org.testng.reporters.JUnitReportReporter -->
<testsuite hostname="LAPTOP-P0J58E7F" failures="0" tests="1" name="test.LoginTest" time="5.136" errors="0" timestamp="2024-01-23T23:05:48 IST" skipped="0">
  <testcase classname="test.LoginTest" name="login" time="5.136"/>
  <system-out/>
</testsuite> <!-- test.LoginTest -->
