<?xml version="1.0" encoding="UTF-8"?>
<!-- Generated by org.testng.reporters.JUnitReportReporter -->
<testsuite hostname="LAPTOP-P0J58E7F" failures="0" tests="2" name="test.EstimateTest" time="12.604" errors="0" timestamp="2024-01-25T19:30:34 IST" skipped="0">
  <testcase classname="test.EstimateTest" name="verifyEstimate" time="7.537"/>
  <system-out/>
  <testcase classname="test.EstimateTest" name="searchEstimate" time="5.067"/>
  <system-out/>
</testsuite> <!-- test.EstimateTest -->
