<?xml version="1.0" encoding="UTF-8"?>
<!-- Generated by org.testng.reporters.JUnitReportReporter -->
<testsuite hostname="LAPTOP-P0J58E7F" failures="0" tests="4" name="test.NoteTest" time="22.086" errors="0" timestamp="2024-01-24T22:22:20 IST" skipped="0">
  <testcase classname="test.NoteTest" name="verifyNote" time="5.847"/>
  <system-out/>
  <testcase classname="test.NoteTest" name="search" time="4.352"/>
  <system-out/>
  <testcase classname="test.NoteTest" name="updateNote" time="5.253"/>
  <system-out/>
  <testcase classname="test.NoteTest" name="deleteNote" time="6.634"/>
  <system-out/>
</testsuite> <!-- test.NoteTest -->
